# compute-mfcc-feats --verbose=2 --config=conf/mfcc.conf scp,p:exp/make_mfcc/train_nums/wav_train_nums.1.scp ark:- | copy-feats --compress=true ark:- ark,scp:/Users/hinrik/Documents/skoli/MA/vor_2019/T-718-ATSR/kaldi/egs/open_project/s5/mfcc/raw_mfcc_train_nums.1.ark,/Users/hinrik/Documents/skoli/MA/vor_2019/T-718-ATSR/kaldi/egs/open_project/s5/mfcc/raw_mfcc_train_nums.1.scp 
# Started at Mon Apr 15 22:07:15 GMT 2019
#
copy-feats --compress=true ark:- ark,scp:/Users/hinrik/Documents/skoli/MA/vor_2019/T-718-ATSR/kaldi/egs/open_project/s5/mfcc/raw_mfcc_train_nums.1.ark,/Users/hinrik/Documents/skoli/MA/vor_2019/T-718-ATSR/kaldi/egs/open_project/s5/mfcc/raw_mfcc_train_nums.1.scp 
compute-mfcc-feats --verbose=2 --config=conf/mfcc.conf scp,p:exp/make_mfcc/train_nums/wav_train_nums.1.scp ark:- 
WARNING (compute-mfcc-feats[5.5.183~1-9f981]:Read():wave-reader.cc:260) Expected 1646032 bytes in RIFF chunk, but after first data block there will be 36 + 1645922 bytes (we do not support reading multiple data chunks).
VLOG[2] (compute-mfcc-feats[5.5.183~1-9f981]:main():compute-mfcc-feats.cc:173) Processed features for key kk2_+_6_2_x_=_-_3_9_7_÷_4_1_8_0_5
WARNING (compute-mfcc-feats[5.5.183~1-9f981]:Read():wave-reader.cc:260) Expected 1589282 bytes in RIFF chunk, but after first data block there will be 36 + 1589166 bytes (we do not support reading multiple data chunks).
VLOG[2] (compute-mfcc-feats[5.5.183~1-9f981]:main():compute-mfcc-feats.cc:173) Processed features for key kk2_+_÷_=_5_2_0_6_x_-_9_1_3_4_7_8
WARNING (compute-mfcc-feats[5.5.183~1-9f981]:Read():wave-reader.cc:260) Expected 1614506 bytes in RIFF chunk, but after first data block there will be 36 + 1614390 bytes (we do not support reading multiple data chunks).
VLOG[2] (compute-mfcc-feats[5.5.183~1-9f981]:main():compute-mfcc-feats.cc:173) Processed features for key kk2_-_+_x_0_8_4_6_1_=_3_2_5_÷_9_7
WARNING (compute-mfcc-feats[5.5.183~1-9f981]:Read():wave-reader.cc:260) Expected 1891972 bytes in RIFF chunk, but after first data block there will be 36 + 1891862 bytes (we do not support reading multiple data chunks).
VLOG[2] (compute-mfcc-feats[5.5.183~1-9f981]:main():compute-mfcc-feats.cc:173) Processed features for key kk2_0_=_4_8_7_5_2_6_+_9_x_3_-_1_÷
WARNING (compute-mfcc-feats[5.5.183~1-9f981]:Read():wave-reader.cc:260) Expected 1791084 bytes in RIFF chunk, but after first data block there will be 36 + 1790968 bytes (we do not support reading multiple data chunks).
VLOG[2] (compute-mfcc-feats[5.5.183~1-9f981]:main():compute-mfcc-feats.cc:173) Processed features for key kk2_1_-_5_x_8_3_0_4_÷_9_6_=_2_7_+
WARNING (compute-mfcc-feats[5.5.183~1-9f981]:Read():wave-reader.cc:260) Expected 1728020 bytes in RIFF chunk, but after first data block there will be 36 + 1727904 bytes (we do not support reading multiple data chunks).
VLOG[2] (compute-mfcc-feats[5.5.183~1-9f981]:main():compute-mfcc-feats.cc:173) Processed features for key kk2_1_0_4_7_2_6_-_5_9_=_+_÷_8_3_x
WARNING (compute-mfcc-feats[5.5.183~1-9f981]:Read():wave-reader.cc:260) Expected 1692322 bytes in RIFF chunk, but after first data block there will be 36 + 1692206 bytes (we do not support reading multiple data chunks).
VLOG[2] (compute-mfcc-feats[5.5.183~1-9f981]:main():compute-mfcc-feats.cc:173) Processed features for key kk2_2_7_3_x_0_1_5_+_8_÷_=_9_-_6_4
WARNING (compute-mfcc-feats[5.5.183~1-9f981]:Read():wave-reader.cc:260) Expected 1816300 bytes in RIFF chunk, but after first data block there will be 36 + 1816186 bytes (we do not support reading multiple data chunks).
VLOG[2] (compute-mfcc-feats[5.5.183~1-9f981]:main():compute-mfcc-feats.cc:173) Processed features for key kk2_3_+_-_1_4_÷_x_6_5_7_=_0_8_9_2
WARNING (compute-mfcc-feats[5.5.183~1-9f981]:Read():wave-reader.cc:260) Expected 1891978 bytes in RIFF chunk, but after first data block there will be 36 + 1891862 bytes (we do not support reading multiple data chunks).
VLOG[2] (compute-mfcc-feats[5.5.183~1-9f981]:main():compute-mfcc-feats.cc:173) Processed features for key kk2_3_=_÷_4_+_1_0_7_2_9_8_6_5_-_x
WARNING (compute-mfcc-feats[5.5.183~1-9f981]:Read():wave-reader.cc:260) Expected 1891984 bytes in RIFF chunk, but after first data block there will be 36 + 1891868 bytes (we do not support reading multiple data chunks).
LOG (compute-mfcc-feats[5.5.183~1-9f981]:main():compute-mfcc-feats.cc:172) Processed 10 utterances
VLOG[2] (compute-mfcc-feats[5.5.183~1-9f981]:main():compute-mfcc-feats.cc:173) Processed features for key kk2_5_7_+_8_x_3_-_9_4_1_6_÷_=_2_0
WARNING (compute-mfcc-feats[5.5.183~1-9f981]:Read():wave-reader.cc:260) Expected 1746934 bytes in RIFF chunk, but after first data block there will be 36 + 1746824 bytes (we do not support reading multiple data chunks).
VLOG[2] (compute-mfcc-feats[5.5.183~1-9f981]:main():compute-mfcc-feats.cc:173) Processed features for key kk2_7_+_9_5_0_2_6_3_÷_=_-_4_8_x_1
WARNING (compute-mfcc-feats[5.5.183~1-9f981]:Read():wave-reader.cc:260) Expected 1677570 bytes in RIFF chunk, but after first data block there will be 36 + 1677454 bytes (we do not support reading multiple data chunks).
VLOG[2] (compute-mfcc-feats[5.5.183~1-9f981]:main():compute-mfcc-feats.cc:173) Processed features for key kk2_7_=_+_9_÷_6_-_2_5_3_4_0_1_x_8
WARNING (compute-mfcc-feats[5.5.183~1-9f981]:Read():wave-reader.cc:260) Expected 1885672 bytes in RIFF chunk, but after first data block there will be 36 + 1885556 bytes (we do not support reading multiple data chunks).
VLOG[2] (compute-mfcc-feats[5.5.183~1-9f981]:main():compute-mfcc-feats.cc:173) Processed features for key kk2_9_1_0_=_6_-_÷_5_+_8_3_7_2_4_x
WARNING (compute-mfcc-feats[5.5.183~1-9f981]:Read():wave-reader.cc:260) Expected 1784766 bytes in RIFF chunk, but after first data block there will be 36 + 1784656 bytes (we do not support reading multiple data chunks).
VLOG[2] (compute-mfcc-feats[5.5.183~1-9f981]:main():compute-mfcc-feats.cc:173) Processed features for key kk2_9_2_6_÷_x_7_8_5_0_=_4_-_+_3_1
WARNING (compute-mfcc-feats[5.5.183~1-9f981]:Read():wave-reader.cc:260) Expected 1652344 bytes in RIFF chunk, but after first data block there will be 36 + 1652228 bytes (we do not support reading multiple data chunks).
VLOG[2] (compute-mfcc-feats[5.5.183~1-9f981]:main():compute-mfcc-feats.cc:173) Processed features for key kk2_9_4_x_7_0_1_+_2_6_8_3_÷_=_-_5
WARNING (compute-mfcc-feats[5.5.183~1-9f981]:Read():wave-reader.cc:260) Expected 1835216 bytes in RIFF chunk, but after first data block there will be 36 + 1835106 bytes (we do not support reading multiple data chunks).
VLOG[2] (compute-mfcc-feats[5.5.183~1-9f981]:main():compute-mfcc-feats.cc:173) Processed features for key kk2_=_3_7_÷_2_1_5_8_-_x_+_6_4_9_0
WARNING (compute-mfcc-feats[5.5.183~1-9f981]:Read():wave-reader.cc:260) Expected 1891982 bytes in RIFF chunk, but after first data block there will be 36 + 1891868 bytes (we do not support reading multiple data chunks).
VLOG[2] (compute-mfcc-feats[5.5.183~1-9f981]:main():compute-mfcc-feats.cc:173) Processed features for key kk2_x_2_1_9_÷_7_8_6_3_-_=_+_4_5_0
WARNING (compute-mfcc-feats[5.5.183~1-9f981]:Read():wave-reader.cc:260) Expected 1854140 bytes in RIFF chunk, but after first data block there will be 36 + 1854030 bytes (we do not support reading multiple data chunks).
VLOG[2] (compute-mfcc-feats[5.5.183~1-9f981]:main():compute-mfcc-feats.cc:173) Processed features for key kk2_÷_+_7_2_0_9_5_x_3_6_4_1_-_8_=
WARNING (compute-mfcc-feats[5.5.183~1-9f981]:Read():wave-reader.cc:260) Expected 1809996 bytes in RIFF chunk, but after first data block there will be 36 + 1809886 bytes (we do not support reading multiple data chunks).
VLOG[2] (compute-mfcc-feats[5.5.183~1-9f981]:main():compute-mfcc-feats.cc:173) Processed features for key kk2_÷_3_8_9_7_2_5_-_+_x_=_1_0_6_4
WARNING (compute-mfcc-feats[5.5.183~1-9f981]:Read():wave-reader.cc:260) Expected 1627120 bytes in RIFF chunk, but after first data block there will be 36 + 1627004 bytes (we do not support reading multiple data chunks).
LOG (compute-mfcc-feats[5.5.183~1-9f981]:main():compute-mfcc-feats.cc:172) Processed 20 utterances
VLOG[2] (compute-mfcc-feats[5.5.183~1-9f981]:main():compute-mfcc-feats.cc:173) Processed features for key kk2_÷_4_2_x_0_6_5_=_3_+_9_8_-_1_7
WARNING (compute-mfcc-feats[5.5.183~1-9f981]:Read():wave-reader.cc:260) Expected 681614 bytes in RIFF chunk, but after first data block there will be 36 + 681498 bytes (we do not support reading multiple data chunks).
VLOG[2] (compute-mfcc-feats[5.5.183~1-9f981]:main():compute-mfcc-feats.cc:173) Processed features for key kv1_+_0_6_÷_1_=_8_2_4_-_9_3_7_5_x
WARNING (compute-mfcc-feats[5.5.183~1-9f981]:Read():wave-reader.cc:260) Expected 559374 bytes in RIFF chunk, but after first data block there will be 36 + 559260 bytes (we do not support reading multiple data chunks).
VLOG[2] (compute-mfcc-feats[5.5.183~1-9f981]:main():compute-mfcc-feats.cc:173) Processed features for key kv1_-_7_8_x_2_9_0_1_4_÷_3_5_6_=_+
WARNING (compute-mfcc-feats[5.5.183~1-9f981]:Read():wave-reader.cc:260) Expected 584460 bytes in RIFF chunk, but after first data block there will be 36 + 584350 bytes (we do not support reading multiple data chunks).
VLOG[2] (compute-mfcc-feats[5.5.183~1-9f981]:main():compute-mfcc-feats.cc:173) Processed features for key kv1_0_÷_8_3_6_+_4_x_9_=_-_7_2_5_1
WARNING (compute-mfcc-feats[5.5.183~1-9f981]:Read():wave-reader.cc:260) Expected 632310 bytes in RIFF chunk, but after first data block there will be 36 + 632200 bytes (we do not support reading multiple data chunks).
VLOG[2] (compute-mfcc-feats[5.5.183~1-9f981]:main():compute-mfcc-feats.cc:173) Processed features for key kv1_1_-_3_6_2_8_=_0_5_9_+_÷_7_4_x
WARNING (compute-mfcc-feats[5.5.183~1-9f981]:Read():wave-reader.cc:260) Expected 619260 bytes in RIFF chunk, but after first data block there will be 36 + 619150 bytes (we do not support reading multiple data chunks).
VLOG[2] (compute-mfcc-feats[5.5.183~1-9f981]:main():compute-mfcc-feats.cc:173) Processed features for key kv1_2_6_4_x_-_÷_1_8_9_3_0_+_7_5_=
WARNING (compute-mfcc-feats[5.5.183~1-9f981]:Read():wave-reader.cc:260) Expected 550472 bytes in RIFF chunk, but after first data block there will be 36 + 550358 bytes (we do not support reading multiple data chunks).
VLOG[2] (compute-mfcc-feats[5.5.183~1-9f981]:main():compute-mfcc-feats.cc:173) Processed features for key kv1_3_4_÷_9_8_1_5_-_2_0_7_6_x_=_+
WARNING (compute-mfcc-feats[5.5.183~1-9f981]:Read():wave-reader.cc:260) Expected 641014 bytes in RIFF chunk, but after first data block there will be 36 + 640898 bytes (we do not support reading multiple data chunks).
VLOG[2] (compute-mfcc-feats[5.5.183~1-9f981]:main():compute-mfcc-feats.cc:173) Processed features for key kv1_4_+_6_9_7_x_0_8_=_5_1_-_÷_2_3
WARNING (compute-mfcc-feats[5.5.183~1-9f981]:Read():wave-reader.cc:260) Expected 658412 bytes in RIFF chunk, but after first data block there will be 36 + 658298 bytes (we do not support reading multiple data chunks).
VLOG[2] (compute-mfcc-feats[5.5.183~1-9f981]:main():compute-mfcc-feats.cc:173) Processed features for key kv1_5_1_0_+_-_7_4_9_=_6_8_x_3_2_÷
WARNING (compute-mfcc-feats[5.5.183~1-9f981]:Read():wave-reader.cc:260) Expected 575690 bytes in RIFF chunk, but after first data block there will be 36 + 575576 bytes (we do not support reading multiple data chunks).
VLOG[2] (compute-mfcc-feats[5.5.183~1-9f981]:main():compute-mfcc-feats.cc:173) Processed features for key kv1_5_x_7_1_=_0_-_+_2_9_6_4_3_8_÷
WARNING (compute-mfcc-feats[5.5.183~1-9f981]:Read():wave-reader.cc:260) Expected 603310 bytes in RIFF chunk, but after first data block there will be 36 + 603200 bytes (we do not support reading multiple data chunks).
LOG (compute-mfcc-feats[5.5.183~1-9f981]:main():compute-mfcc-feats.cc:172) Processed 30 utterances
VLOG[2] (compute-mfcc-feats[5.5.183~1-9f981]:main():compute-mfcc-feats.cc:173) Processed features for key kv1_7_3_+_4_8_0_=_5_÷_9_1_-_6_2_x
WARNING (compute-mfcc-feats[5.5.183~1-9f981]:Read():wave-reader.cc:260) Expected 601860 bytes in RIFF chunk, but after first data block there will be 36 + 601750 bytes (we do not support reading multiple data chunks).
VLOG[2] (compute-mfcc-feats[5.5.183~1-9f981]:main():compute-mfcc-feats.cc:173) Processed features for key kv1_7_8_x_+_3_1_÷_5_-_2_6_0_9_=_4
WARNING (compute-mfcc-feats[5.5.183~1-9f981]:Read():wave-reader.cc:260) Expected 587558 bytes in RIFF chunk, but after first data block there will be 36 + 587444 bytes (we do not support reading multiple data chunks).
VLOG[2] (compute-mfcc-feats[5.5.183~1-9f981]:main():compute-mfcc-feats.cc:173) Processed features for key kv1_7_÷_5_+_2_8_=_9_3_0_4_1_x_6_-
WARNING (compute-mfcc-feats[5.5.183~1-9f981]:Read():wave-reader.cc:260) Expected 596064 bytes in RIFF chunk, but after first data block there will be 36 + 595948 bytes (we do not support reading multiple data chunks).
VLOG[2] (compute-mfcc-feats[5.5.183~1-9f981]:main():compute-mfcc-feats.cc:173) Processed features for key kv1_9_+_6_-_÷_4_0_3_5_7_1_8_x_=_2
WARNING (compute-mfcc-feats[5.5.183~1-9f981]:Read():wave-reader.cc:260) Expected 665660 bytes in RIFF chunk, but after first data block there will be 36 + 665550 bytes (we do not support reading multiple data chunks).
VLOG[2] (compute-mfcc-feats[5.5.183~1-9f981]:main():compute-mfcc-feats.cc:173) Processed features for key kv1_9_1_+_6_5_4_2_3_8_x_=_0_-_÷_7
WARNING (compute-mfcc-feats[5.5.183~1-9f981]:Read():wave-reader.cc:260) Expected 617814 bytes in RIFF chunk, but after first data block there will be 36 + 617698 bytes (we do not support reading multiple data chunks).
VLOG[2] (compute-mfcc-feats[5.5.183~1-9f981]:main():compute-mfcc-feats.cc:173) Processed features for key kv1_x_2_3_4_8_9_÷_+_1_-_6_7_=_5_0
WARNING (compute-mfcc-feats[5.5.183~1-9f981]:Read():wave-reader.cc:260) Expected 624644 bytes in RIFF chunk, but after first data block there will be 36 + 624530 bytes (we do not support reading multiple data chunks).
VLOG[2] (compute-mfcc-feats[5.5.183~1-9f981]:main():compute-mfcc-feats.cc:173) Processed features for key kv1_÷_0_+_2_5_6_9_=_-_7_x_4_3_1_8
WARNING (compute-mfcc-feats[5.5.183~1-9f981]:Read():wave-reader.cc:260) Expected 683060 bytes in RIFF chunk, but after first data block there will be 36 + 682950 bytes (we do not support reading multiple data chunks).
VLOG[2] (compute-mfcc-feats[5.5.183~1-9f981]:main():compute-mfcc-feats.cc:173) Processed features for key kv1_÷_0_3_=_6_8_1_7_9_-_+_x_4_5_2
WARNING (compute-mfcc-feats[5.5.183~1-9f981]:Read():wave-reader.cc:260) Expected 638114 bytes in RIFF chunk, but after first data block there will be 36 + 637998 bytes (we do not support reading multiple data chunks).
VLOG[2] (compute-mfcc-feats[5.5.183~1-9f981]:main():compute-mfcc-feats.cc:173) Processed features for key kv1_÷_0_x_6_=_8_5_7_9_4_-_+_2_1_3
WARNING (compute-mfcc-feats[5.5.183~1-9f981]:Read():wave-reader.cc:260) Expected 643910 bytes in RIFF chunk, but after first data block there will be 36 + 643800 bytes (we do not support reading multiple data chunks).
VLOG[2] (compute-mfcc-feats[5.5.183~1-9f981]:main():compute-mfcc-feats.cc:173) Processed features for key kv1_÷_2_0_x_3_=_8_7_1_+_5_6_4_9_-
WARNING (compute-mfcc-feats[5.5.183~1-9f981]:Read():wave-reader.cc:260) Expected 563824 bytes in RIFF chunk, but after first data block there will be 36 + 563710 bytes (we do not support reading multiple data chunks).
LOG (compute-mfcc-feats[5.5.183~1-9f981]:main():compute-mfcc-feats.cc:172) Processed 40 utterances
VLOG[2] (compute-mfcc-feats[5.5.183~1-9f981]:main():compute-mfcc-feats.cc:173) Processed features for key kv1_÷_5_4_=_9_0_x_2_3_1_-_7_+_6_8
LOG (compute-mfcc-feats[5.5.183~1-9f981]:main():compute-mfcc-feats.cc:176)  Done 40 out of 40 utterances.
LOG (copy-feats[5.5.183~1-9f981]:main():copy-feats.cc:143) Copied 40 feature matrices.
# Accounting: time=7 threads=1
# Ended (code 0) at Mon Apr 15 22:07:22 GMT 2019, elapsed time 7 seconds
