# gmm-est --write-occs=exp/mono0a/28.occs --mix-up=337 --power=0.25 exp/mono0a/27.mdl "gmm-sum-accs - exp/mono0a/27.*.acc|" exp/mono0a/28.mdl 
# Started at Mon Apr 15 22:08:49 GMT 2019
#
gmm-est --write-occs=exp/mono0a/28.occs --mix-up=337 --power=0.25 exp/mono0a/27.mdl 'gmm-sum-accs - exp/mono0a/27.*.acc|' exp/mono0a/28.mdl 
gmm-sum-accs - exp/mono0a/27.1.acc 
LOG (gmm-sum-accs[5.5.183~1-9f981]:main():gmm-sum-accs.cc:63) Summed 1 stats, total count 78484, avg like/frame -85.3456
LOG (gmm-sum-accs[5.5.183~1-9f981]:main():gmm-sum-accs.cc:66) Total count of stats is 78484
LOG (gmm-sum-accs[5.5.183~1-9f981]:main():gmm-sum-accs.cc:67) Written stats to -
LOG (gmm-est[5.5.183~1-9f981]:MleUpdate():transition-model.cc:528) TransitionModel::Update, objf change is 0 per frame over 78484 frames. 
LOG (gmm-est[5.5.183~1-9f981]:MleUpdate():transition-model.cc:531) 6 probabilities floored, 3 out of 77 transition-states skipped due to insuffient data (it is normal to have some skipped.)
LOG (gmm-est[5.5.183~1-9f981]:main():gmm-est.cc:102) Transition model update: Overall 0 log-like improvement per frame over 78484 frames.
WARNING (gmm-est[5.5.183~1-9f981]:MleDiagGmmUpdate():mle-diag-gmm.cc:359) Too little data - removing Gaussian (weight 0.105064, occupation count 8.510154, vector size 39)
WARNING (gmm-est[5.5.183~1-9f981]:MleDiagGmmUpdate():mle-diag-gmm.cc:365) Gaussian has too little data but not removing it because it is the last Gaussian: i = 0, occ = 0, weight = 1
WARNING (gmm-est[5.5.183~1-9f981]:MleDiagGmmUpdate():mle-diag-gmm.cc:365) Gaussian has too little data but not removing it because it is the last Gaussian: i = 0, occ = 0, weight = 1
WARNING (gmm-est[5.5.183~1-9f981]:MleDiagGmmUpdate():mle-diag-gmm.cc:365) Gaussian has too little data but not removing it because it is the last Gaussian: i = 0, occ = 0, weight = 1
LOG (gmm-est[5.5.183~1-9f981]:MleAmDiagGmmUpdate():mle-am-diag-gmm.cc:225) 0 variance elements floored in 0 Gaussians, out of 327
LOG (gmm-est[5.5.183~1-9f981]:MleAmDiagGmmUpdate():mle-am-diag-gmm.cc:229) Removed 1 Gaussians due to counts < --min-gaussian-occupancy=10 and --remove-low-count-gaussians=true
LOG (gmm-est[5.5.183~1-9f981]:main():gmm-est.cc:113) GMM update: Overall 0.0568401 objective function improvement per frame over 78484 frames
LOG (gmm-est[5.5.183~1-9f981]:main():gmm-est.cc:116) GMM update: Overall avg like per frame = -85.3456 over 78484 frames.
LOG (gmm-est[5.5.183~1-9f981]:SplitByCount():am-diag-gmm.cc:116) Split 77 states with target = 337, power = 0.25, perturb_factor = 0.01 and min_count = 20, split #Gauss from 327 to 338
LOG (gmm-est[5.5.183~1-9f981]:main():gmm-est.cc:146) Written model to exp/mono0a/28.mdl
# Accounting: time=0 threads=1
# Ended (code 0) at Mon Apr 15 22:08:50 GMT 2019, elapsed time 0 seconds
